<?xml version="1.0" encoding="UTF-8"?>
<testsuite xmlns:xsi="http://www.w3.org/2001/XMLSchema-instance" xsi:noNamespaceSchemaLocation="https://maven.apache.org/surefire/maven-surefire-plugin/xsd/surefire-test-report-3.0.xsd" version="3.0" name="com.Validaton.SpringValidation.SpringValidationApplicationTests" time="10.243" tests="1" errors="0" skipped="0" failures="0">
  <properties>
[...]
</properties>
  <testcase name="contextLoads" classname="com.Validaton.SpringValidation.SpringValidationApplicationTests" time="3.07">
    <system-out><![CDATA[16:02:40.814 [main] INFO org.springframework.test.context.support.AnnotationConfigContextLoaderUtils -- Could not detect default configuration classes for test class [com.Validaton.SpringValidation.SpringValidationApplicationTests]: SpringValidationApplicationTests does not declare any static, non-private, non-final, nested classes annotated with @Configuration.
16:02:41.136 [main] INFO org.springframework.boot.test.context.SpringBootTestContextBootstrapper -- Found @SpringBootConfiguration com.Validaton.SpringValidation.SpringValidationApplication for test class com.Validaton.SpringValidation.SpringValidationApplicationTests

  .   ____          _            __ _ _
 /\\ / ___'_ __ _ _(_)_ __  __ _ \ \ \ \
( ( )\___ | '_ | '_| | '_ \/ _` | \ \ \ \
 \\/  ___)| |_)| | | | | || (_| |  ) ) ) )
  '  |____| .__|_| |_|_| |_\__, | / / / /
 =========|_|==============|___/=/_/_/_/
 :: Spring Boot ::                (v3.1.4)

2023-10-10T16:02:42.777+05:30  INFO 8128 --- [           main] c.V.S.SpringValidationApplicationTests   : Starting SpringValidationApplicationTests using Java 17.0.8 with PID 8128 (started by devra in D:\Spring boot\SpringValidation)
2023-10-10T16:02:42.782+05:30  INFO 8128 --- [           main] c.V.S.SpringValidationApplicationTests   : No active profile set, falling back to 1 default profile: "default"
2023-10-10T16:02:47.155+05:30  INFO 8128 --- [           main] c.V.S.SpringValidationApplicationTests   : Started SpringValidationApplicationTests in 5.443 seconds (process running for 8.9)
]]></system-out>
  </testcase>
</testsuite>